[ 2016-10-31T00:31:17+08:00 ] 127.0.0.1 /favicon.ico
INFO: [ app_init ] --START--
INFO: Run Behavior\BuildLiteBehavior [ RunTime:0.000000s ]
INFO: [ app_init ] --END-- [ RunTime:0.001000s ]
ERR: 无法加载模块:Favicon

[ 2016-10-31T00:31:17+08:00 ] 127.0.0.1 /favicon.ico
INFO: [ app_init ] --START--
INFO: Run Behavior\BuildLiteBehavior [ RunTime:0.000000s ]
INFO: [ app_init ] --END-- [ RunTime:0.000000s ]
ERR: 无法加载模块:Favicon

[ 2016-10-31T00:39:08+08:00 ] 127.0.0.1 /Public/images/3945.jpg
INFO: [ app_init ] --START--
INFO: Run Behavior\BuildLiteBehavior [ RunTime:0.000000s ]
INFO: [ app_init ] --END-- [ RunTime:0.000000s ]
ERR: 无法加载模块:Public

[ 2016-10-31T00:39:48+08:00 ] 127.0.0.1 /public/images/3945.jpg
INFO: [ app_init ] --START--
INFO: Run Behavior\BuildLiteBehavior [ RunTime:0.000000s ]
INFO: [ app_init ] --END-- [ RunTime:0.001000s ]
ERR: 无法加载模块:Public

[ 2016-10-31T00:39:58+08:00 ] 127.0.0.1 /public/3945.jpg
INFO: [ app_init ] --START--
INFO: Run Behavior\BuildLiteBehavior [ RunTime:0.000000s ]
INFO: [ app_init ] --END-- [ RunTime:0.001000s ]
ERR: 无法加载模块:Public

[ 2016-10-31T00:40:06+08:00 ] 127.0.0.1 /Public/3945.jpg
INFO: [ app_init ] --START--
INFO: Run Behavior\BuildLiteBehavior [ RunTime:0.000000s ]
INFO: [ app_init ] --END-- [ RunTime:0.000000s ]
ERR: 无法加载模块:Public

[ 2016-10-31T00:40:50+08:00 ] 127.0.0.1 /Public/Images/3945.jpg
INFO: [ app_init ] --START--
INFO: Run Behavior\BuildLiteBehavior [ RunTime:0.000000s ]
INFO: [ app_init ] --END-- [ RunTime:0.000000s ]
ERR: 无法加载模块:Public

[ 2016-10-31T00:41:33+08:00 ] 127.0.0.1 /_ROOT_/Public/Images/3945.jpg
INFO: [ app_init ] --START--
INFO: Run Behavior\BuildLiteBehavior [ RunTime:0.000000s ]
INFO: [ app_init ] --END-- [ RunTime:0.000000s ]
ERR: 无法加载模块:_ROOT_

[ 2016-10-31T00:41:39+08:00 ] 127.0.0.1 /Public/Images/3945.jpg
INFO: [ app_init ] --START--
INFO: Run Behavior\BuildLiteBehavior [ RunTime:0.000000s ]
INFO: [ app_init ] --END-- [ RunTime:0.001000s ]
ERR: 无法加载模块:Public

[ 2016-10-31T00:44:44+08:00 ] 127.0.0.1 /%7B/Public/Images/3945.jpg%7D
INFO: [ app_init ] --START--
INFO: Run Behavior\BuildLiteBehavior [ RunTime:0.000000s ]
INFO: [ app_init ] --END-- [ RunTime:0.000000s ]
ERR: 无法加载模块:{

[ 2016-10-31T00:45:56+08:00 ] 127.0.0.1 /%7B/Public/Images/3945.jpg%7D
INFO: [ app_init ] --START--
INFO: Run Behavior\BuildLiteBehavior [ RunTime:0.000000s ]
INFO: [ app_init ] --END-- [ RunTime:0.000000s ]
ERR: 无法加载模块:{

[ 2016-10-31T00:46:20+08:00 ] 127.0.0.1 /%7B/Public/Images/3945.jpg%7D
INFO: [ app_init ] --START--
INFO: Run Behavior\BuildLiteBehavior [ RunTime:0.000000s ]
INFO: [ app_init ] --END-- [ RunTime:0.001000s ]
ERR: 无法加载模块:{

[ 2016-10-31T00:46:37+08:00 ] 127.0.0.1 /%7B/Public/public/Images/3945.jpg%7D
INFO: [ app_init ] --START--
INFO: Run Behavior\BuildLiteBehavior [ RunTime:0.000000s ]
INFO: [ app_init ] --END-- [ RunTime:0.001000s ]
ERR: 无法加载模块:{

[ 2016-10-31T00:47:13+08:00 ] 127.0.0.1 /Public/Images/3945.jpg
INFO: [ app_init ] --START--
INFO: Run Behavior\BuildLiteBehavior [ RunTime:0.000000s ]
INFO: [ app_init ] --END-- [ RunTime:0.000000s ]
ERR: 无法加载模块:Public

[ 2016-10-31T00:47:13+08:00 ] 127.0.0.1 /%7B/Public/public/Images/3945.jpg%7D
INFO: [ app_init ] --START--
INFO: Run Behavior\BuildLiteBehavior [ RunTime:0.000000s ]
INFO: [ app_init ] --END-- [ RunTime:0.000000s ]
ERR: 无法加载模块:{

[ 2016-10-31T00:48:15+08:00 ] 127.0.0.1 /%7B/Public/public/Images/3945.jpg%7D
INFO: [ app_init ] --START--
INFO: Run Behavior\BuildLiteBehavior [ RunTime:0.000000s ]
INFO: [ app_init ] --END-- [ RunTime:0.000000s ]
ERR: 无法加载模块:{

[ 2016-10-31T00:48:15+08:00 ] 127.0.0.1 /Public/Images/e4b5efdfjw1egp3v69eufj20dw0jrgnv.jpg
INFO: [ app_init ] --START--
INFO: Run Behavior\BuildLiteBehavior [ RunTime:0.000000s ]
INFO: [ app_init ] --END-- [ RunTime:0.000000s ]
ERR: 无法加载模块:Public

[ 2016-10-31T00:50:35+08:00 ] 127.0.0.1 /Public/Images/e4b5efdfjw1egp3v69eufj20dw0jrgnv.jpg
INFO: [ app_init ] --START--
INFO: Run Behavior\BuildLiteBehavior [ RunTime:0.000000s ]
INFO: [ app_init ] --END-- [ RunTime:0.001000s ]
ERR: 无法加载模块:Public

[ 2016-10-31T00:50:35+08:00 ] 127.0.0.1 /public/images/e4b5efdfjw1egp3v69eufj20dw0jrgnv.jpg
INFO: [ app_init ] --START--
INFO: Run Behavior\BuildLiteBehavior [ RunTime:0.000000s ]
INFO: [ app_init ] --END-- [ RunTime:0.001000s ]
ERR: 无法加载模块:Public

[ 2016-10-31T00:50:41+08:00 ] 127.0.0.1 /public/Images/e4b5efdfjw1egp3v69eufj20dw0jrgnv.jpg
INFO: [ app_init ] --START--
INFO: Run Behavior\BuildLiteBehavior [ RunTime:0.000000s ]
INFO: [ app_init ] --END-- [ RunTime:0.001000s ]
ERR: 无法加载模块:Public

[ 2016-10-31T00:50:41+08:00 ] 127.0.0.1 /Public/Images/e4b5efdfjw1egp3v69eufj20dw0jrgnv.jpg
INFO: [ app_init ] --START--
INFO: Run Behavior\BuildLiteBehavior [ RunTime:0.000000s ]
INFO: [ app_init ] --END-- [ RunTime:0.000000s ]
ERR: 无法加载模块:Public

[ 2016-10-31T00:50:46+08:00 ] 127.0.0.1 /Public/Images/e4b5efdfjw1egp3v69eufj20dw0jrgnv.jpg
INFO: [ app_init ] --START--
INFO: Run Behavior\BuildLiteBehavior [ RunTime:0.000000s ]
INFO: [ app_init ] --END-- [ RunTime:0.000000s ]
ERR: 无法加载模块:Public

[ 2016-10-31T00:54:16+08:00 ] 127.0.0.1 /Public/Images/e4b5efdfjw1egp3v69eufj20dw0jrgnv.jpg
INFO: [ app_init ] --START--
INFO: Run Behavior\BuildLiteBehavior [ RunTime:0.000000s ]
INFO: [ app_init ] --END-- [ RunTime:0.001000s ]
ERR: 无法加载模块:Public

[ 2016-10-31T00:54:23+08:00 ] 127.0.0.1 /Public/Images/e4b5efdfjw1egp3v69eufj20dw0jrgnv.jpg
INFO: [ app_init ] --START--
INFO: Run Behavior\BuildLiteBehavior [ RunTime:0.000000s ]
INFO: [ app_init ] --END-- [ RunTime:0.000000s ]
ERR: 无法加载模块:Public

[ 2016-10-31T00:54:23+08:00 ] 127.0.0.1 /C/xampp/htdocs/Xiangmu(3)/Public/Images/e4b5efdfjw1egp3v69eufj20dw0jrgnv.jpg
INFO: [ app_init ] --START--
INFO: Run Behavior\BuildLiteBehavior [ RunTime:0.000000s ]
INFO: [ app_init ] --END-- [ RunTime:0.000000s ]
ERR: 无法加载模块:C

[ 2016-10-31T00:54:26+08:00 ] 127.0.0.1 /xampp/htdocs/Xiangmu(3)/Public/Images/e4b5efdfjw1egp3v69eufj20dw0jrgnv.jpg
INFO: [ app_init ] --START--
INFO: Run Behavior\BuildLiteBehavior [ RunTime:0.001000s ]
INFO: [ app_init ] --END-- [ RunTime:0.001000s ]
ERR: 无法加载模块:Xampp

[ 2016-10-31T00:54:26+08:00 ] 127.0.0.1 /Public/Images/e4b5efdfjw1egp3v69eufj20dw0jrgnv.jpg
INFO: [ app_init ] --START--
INFO: Run Behavior\BuildLiteBehavior [ RunTime:0.000000s ]
INFO: [ app_init ] --END-- [ RunTime:0.001000s ]
ERR: 无法加载模块:Public

[ 2016-10-31T00:54:32+08:00 ] 127.0.0.1 /Public/Images/e4b5efdfjw1egp3v69eufj20dw0jrgnv.jpg
INFO: [ app_init ] --START--
INFO: Run Behavior\BuildLiteBehavior [ RunTime:0.000000s ]
INFO: [ app_init ] --END-- [ RunTime:0.001000s ]
ERR: 无法加载模块:Public

[ 2016-10-31T00:55:52+08:00 ] 127.0.0.1 /Xiangmu(3)/Public/Images/e4b5efdfjw1egp3v69eufj20dw0jrgnv.jpg
INFO: [ app_init ] --START--
INFO: Run Behavior\BuildLiteBehavior [ RunTime:0.000000s ]
INFO: [ app_init ] --END-- [ RunTime:0.000000s ]
ERR: 无法加载模块:Xiangmu(3)

[ 2016-10-31T00:55:56+08:00 ] 127.0.0.1 /Xiangmu(3)/Public/Images/e4b5efdfjw1egp3v69eufj20dw0jrgnv.jpg
INFO: [ app_init ] --START--
INFO: Run Behavior\BuildLiteBehavior [ RunTime:0.000000s ]
INFO: [ app_init ] --END-- [ RunTime:0.000000s ]
ERR: 无法加载模块:Xiangmu(3)

[ 2016-10-31T00:55:56+08:00 ] 127.0.0.1 /Xiangmu(3)/Public/Images/e4b5efdfjw1egp3v69eufj20dw0jrgnv.jpg
INFO: [ app_init ] --START--
INFO: Run Behavior\BuildLiteBehavior [ RunTime:0.000000s ]
INFO: [ app_init ] --END-- [ RunTime:0.001000s ]
ERR: 无法加载模块:Xiangmu(3)

[ 2016-10-31T00:55:56+08:00 ] 127.0.0.1 /Xiangmu(3)/Public/Images/e4b5efdfjw1egp3v69eufj20dw0jrgnv.jpg
INFO: [ app_init ] --START--
INFO: Run Behavior\BuildLiteBehavior [ RunTime:0.000000s ]
INFO: [ app_init ] --END-- [ RunTime:0.000000s ]
ERR: 无法加载模块:Xiangmu(3)

[ 2016-10-31T00:55:56+08:00 ] 127.0.0.1 /Xiangmu(3)/Public/Images/e4b5efdfjw1egp3v69eufj20dw0jrgnv.jpg
INFO: [ app_init ] --START--
INFO: Run Behavior\BuildLiteBehavior [ RunTime:0.000000s ]
INFO: [ app_init ] --END-- [ RunTime:0.000000s ]
ERR: 无法加载模块:Xiangmu(3)

[ 2016-10-31T00:55:56+08:00 ] 127.0.0.1 /Xiangmu(3)/Public/Images/e4b5efdfjw1egp3v69eufj20dw0jrgnv.jpg
INFO: [ app_init ] --START--
INFO: Run Behavior\BuildLiteBehavior [ RunTime:0.000000s ]
INFO: [ app_init ] --END-- [ RunTime:0.001000s ]
ERR: 无法加载模块:Xiangmu(3)

[ 2016-10-31T00:55:57+08:00 ] 127.0.0.1 /Xiangmu(3)/Public/Images/e4b5efdfjw1egp3v69eufj20dw0jrgnv.jpg
INFO: [ app_init ] --START--
INFO: Run Behavior\BuildLiteBehavior [ RunTime:0.000000s ]
INFO: [ app_init ] --END-- [ RunTime:0.001000s ]
ERR: 无法加载模块:Xiangmu(3)

[ 2016-10-31T00:56:16+08:00 ] 127.0.0.1 /Xiangmu(3)/Public/Images/e4b5efdfjw1egp3v69eufj20dw0jrgnv.jpg
INFO: [ app_init ] --START--
INFO: Run Behavior\BuildLiteBehavior [ RunTime:0.000000s ]
INFO: [ app_init ] --END-- [ RunTime:0.000000s ]
ERR: 无法加载模块:Xiangmu(3)

[ 2016-10-31T00:56:36+08:00 ] 127.0.0.1 /Xiangmu(3)/Public/Images/e4b5efdfjw1egp3v69eufj20dw0jrgnv.jpg
INFO: [ app_init ] --START--
INFO: Run Behavior\BuildLiteBehavior [ RunTime:0.000000s ]
INFO: [ app_init ] --END-- [ RunTime:0.001000s ]
ERR: 无法加载模块:Xiangmu(3)

[ 2016-10-31T00:56:50+08:00 ] 127.0.0.1 /Public/Images/e4b5efdfjw1egp3v69eufj20dw0jrgnv.jpg
INFO: [ app_init ] --START--
INFO: Run Behavior\BuildLiteBehavior [ RunTime:0.000000s ]
INFO: [ app_init ] --END-- [ RunTime:0.000000s ]
ERR: 无法加载模块:Public

[ 2016-10-31T00:57:21+08:00 ] 127.0.0.1 /Public/Images/e4b5efdfjw1egp3v69eufj20dw0jrgnv.jpg
INFO: [ app_init ] --START--
INFO: Run Behavior\BuildLiteBehavior [ RunTime:0.000000s ]
INFO: [ app_init ] --END-- [ RunTime:0.000000s ]
ERR: 无法加载模块:Public

[ 2016-10-31T00:57:21+08:00 ] 127.0.0.1 /travel.com/Public/Images/e4b5efdfjw1egp3v69eufj20dw0jrgnv.jpg
INFO: [ app_init ] --START--
INFO: Run Behavior\BuildLiteBehavior [ RunTime:0.000000s ]
INFO: [ app_init ] --END-- [ RunTime:0.000000s ]
ERR: 无法加载模块:Travel.com

[ 2016-10-31T00:57:26+08:00 ] 127.0.0.1 /travel.com/Public/Images/e4b5efdfjw1egp3v69eufj20dw0jrgnv.jpg
INFO: [ app_init ] --START--
INFO: Run Behavior\BuildLiteBehavior [ RunTime:0.000000s ]
INFO: [ app_init ] --END-- [ RunTime:0.000000s ]
ERR: 无法加载模块:Travel.com

[ 2016-10-31T00:57:52+08:00 ] 127.0.0.1 /Public/Images/e4b5efdfjw1egp3v69eufj20dw0jrgnv.jpg
INFO: [ app_init ] --START--
INFO: Run Behavior\BuildLiteBehavior [ RunTime:0.000000s ]
INFO: [ app_init ] --END-- [ RunTime:0.001000s ]
ERR: 无法加载模块:Public

[ 2016-10-31T00:58:32+08:00 ] 127.0.0.1 /Public/Images/e4b5efdfjw1egp3v69eufj20dw0jrgnv.jpg
INFO: [ app_init ] --START--
INFO: Run Behavior\BuildLiteBehavior [ RunTime:0.000000s ]
INFO: [ app_init ] --END-- [ RunTime:0.000000s ]
ERR: 无法加载模块:Public

[ 2016-10-31T00:58:32+08:00 ] 127.0.0.1 /Xiangmu(3)/Public/Images/e4b5efdfjw1egp3v69eufj20dw0jrgnv.jpg
INFO: [ app_init ] --START--
INFO: Run Behavior\BuildLiteBehavior [ RunTime:0.000000s ]
INFO: [ app_init ] --END-- [ RunTime:0.001000s ]
ERR: 无法加载模块:Xiangmu(3)

[ 2016-10-31T00:58:44+08:00 ] 127.0.0.1 /Xiangmu(3)//Public/Images/e4b5efdfjw1egp3v69eufj20dw0jrgnv.jpg
INFO: [ app_init ] --START--
INFO: Run Behavior\BuildLiteBehavior [ RunTime:0.000000s ]
INFO: [ app_init ] --END-- [ RunTime:0.000000s ]
ERR: 无法加载模块:Xiangmu(3)

[ 2016-10-31T00:58:44+08:00 ] 127.0.0.1 /Public/Images/e4b5efdfjw1egp3v69eufj20dw0jrgnv.jpg
INFO: [ app_init ] --START--
INFO: Run Behavior\BuildLiteBehavior [ RunTime:0.000000s ]
INFO: [ app_init ] --END-- [ RunTime:0.000000s ]
ERR: 无法加载模块:Public

[ 2016-10-31T00:58:45+08:00 ] 127.0.0.1 /Public/Images/e4b5efdfjw1egp3v69eufj20dw0jrgnv.jpg
INFO: [ app_init ] --START--
INFO: Run Behavior\BuildLiteBehavior [ RunTime:0.000000s ]
INFO: [ app_init ] --END-- [ RunTime:0.000000s ]
ERR: 无法加载模块:Public

[ 2016-10-31T00:58:45+08:00 ] 127.0.0.1 /Xiangmu(3)//Public/Images/e4b5efdfjw1egp3v69eufj20dw0jrgnv.jpg
INFO: [ app_init ] --START--
INFO: Run Behavior\BuildLiteBehavior [ RunTime:0.000000s ]
INFO: [ app_init ] --END-- [ RunTime:0.001000s ]
ERR: 无法加载模块:Xiangmu(3)

[ 2016-10-31T00:58:54+08:00 ] 127.0.0.1 /Public/Images/e4b5efdfjw1egp3v69eufj20dw0jrgnv.jpg
INFO: [ app_init ] --START--
INFO: Run Behavior\BuildLiteBehavior [ RunTime:0.000000s ]
INFO: [ app_init ] --END-- [ RunTime:0.001000s ]
ERR: 无法加载模块:Public

[ 2016-10-31T00:58:54+08:00 ] 127.0.0.1 /Xiangmu(3)/Public/Images/e4b5efdfjw1egp3v69eufj20dw0jrgnv.jpg
INFO: [ app_init ] --START--
INFO: Run Behavior\BuildLiteBehavior [ RunTime:0.000000s ]
INFO: [ app_init ] --END-- [ RunTime:0.001000s ]
ERR: 无法加载模块:Xiangmu(3)

[ 2016-10-31T01:00:29+08:00 ] 127.0.0.1 /images/3945.jpg
INFO: [ app_init ] --START--
INFO: Run Behavior\BuildLiteBehavior [ RunTime:0.000000s ]
INFO: [ app_init ] --END-- [ RunTime:0.001000s ]
ERR: 无法加载模块:Images

[ 2016-10-31T01:00:29+08:00 ] 127.0.0.1 /Xiangmu(3)/Public/Images/e4b5efdfjw1egp3v69eufj20dw0jrgnv.jpg
INFO: [ app_init ] --START--
INFO: Run Behavior\BuildLiteBehavior [ RunTime:0.001000s ]
INFO: [ app_init ] --END-- [ RunTime:0.001000s ]
ERR: 无法加载模块:Xiangmu(3)

[ 2016-10-31T01:00:29+08:00 ] 127.0.0.1 /Public/Images/e4b5efdfjw1egp3v69eufj20dw0jrgnv.jpg
INFO: [ app_init ] --START--
INFO: Run Behavior\BuildLiteBehavior [ RunTime:0.000000s ]
INFO: [ app_init ] --END-- [ RunTime:0.001000s ]
ERR: 无法加载模块:Public

[ 2016-10-31T01:01:00+08:00 ] 127.0.0.1 /Public/Images/e4b5efdfjw1egp3v69eufj20dw0jrgnv.jpg
INFO: [ app_init ] --START--
INFO: Run Behavior\BuildLiteBehavior [ RunTime:0.000000s ]
INFO: [ app_init ] --END-- [ RunTime:0.000000s ]
ERR: 无法加载模块:Public

[ 2016-10-31T01:01:00+08:00 ] 127.0.0.1 /Xiangmu(3)/Public/Images/e4b5efdfjw1egp3v69eufj20dw0jrgnv.jpg
INFO: [ app_init ] --START--
INFO: Run Behavior\BuildLiteBehavior [ RunTime:0.000000s ]
INFO: [ app_init ] --END-- [ RunTime:0.000000s ]
ERR: 无法加载模块:Xiangmu(3)

[ 2016-10-31T01:01:00+08:00 ] 127.0.0.1 /3945.jpg
INFO: [ app_init ] --START--
INFO: Run Behavior\BuildLiteBehavior [ RunTime:0.000000s ]
INFO: [ app_init ] --END-- [ RunTime:0.000000s ]
ERR: 无法加载模块:3945

[ 2016-10-31T01:03:58+08:00 ] 127.0.0.1 /3945.jpg
INFO: [ app_init ] --START--
INFO: Run Behavior\BuildLiteBehavior [ RunTime:0.000000s ]
INFO: [ app_init ] --END-- [ RunTime:0.001000s ]
ERR: 无法加载模块:3945

[ 2016-10-31T01:03:58+08:00 ] 127.0.0.1 /Xiangmu(3)/Public/Images/e4b5efdfjw1egp3v69eufj20dw0jrgnv.jpg
INFO: [ app_init ] --START--
INFO: Run Behavior\BuildLiteBehavior [ RunTime:0.000000s ]
INFO: [ app_init ] --END-- [ RunTime:0.000000s ]
ERR: 无法加载模块:Xiangmu(3)

[ 2016-10-31T01:03:58+08:00 ] 127.0.0.1 /Public/Images/e4b5efdfjw1egp3v69eufj20dw0jrgnv.jpg
INFO: [ app_init ] --START--
INFO: Run Behavior\BuildLiteBehavior [ RunTime:0.000000s ]
INFO: [ app_init ] --END-- [ RunTime:0.000000s ]
ERR: 无法加载模块:Public

[ 2016-10-31T01:04:13+08:00 ] 127.0.0.1 /Xiangmu(3)/Public/Images/e4b5efdfjw1egp3v69eufj20dw0jrgnv.jpg
INFO: [ app_init ] --START--
INFO: Run Behavior\BuildLiteBehavior [ RunTime:0.000000s ]
INFO: [ app_init ] --END-- [ RunTime:0.001000s ]
ERR: 无法加载模块:Xiangmu(3)

[ 2016-10-31T01:04:13+08:00 ] 127.0.0.1 /__Public__/Images/e4b5efdfjw1egp3v69eufj20dw0jrgnv.jpg
INFO: [ app_init ] --START--
INFO: Run Behavior\BuildLiteBehavior [ RunTime:0.000000s ]
INFO: [ app_init ] --END-- [ RunTime:0.000000s ]
ERR: 无法加载模块:__Public__

[ 2016-10-31T01:04:13+08:00 ] 127.0.0.1 /3945.jpg
INFO: [ app_init ] --START--
INFO: Run Behavior\BuildLiteBehavior [ RunTime:0.000000s ]
INFO: [ app_init ] --END-- [ RunTime:0.001000s ]
ERR: 无法加载模块:3945

[ 2016-10-31T01:04:13+08:00 ] 127.0.0.1 /3945.jpg
INFO: [ app_init ] --START--
INFO: Run Behavior\BuildLiteBehavior [ RunTime:0.000000s ]
INFO: [ app_init ] --END-- [ RunTime:0.001000s ]
ERR: 无法加载模块:3945

[ 2016-10-31T01:04:13+08:00 ] 127.0.0.1 /__Public__/Images/e4b5efdfjw1egp3v69eufj20dw0jrgnv.jpg
INFO: [ app_init ] --START--
INFO: Run Behavior\BuildLiteBehavior [ RunTime:0.000000s ]
INFO: [ app_init ] --END-- [ RunTime:0.001000s ]
ERR: 无法加载模块:__Public__

[ 2016-10-31T01:04:13+08:00 ] 127.0.0.1 /Xiangmu(3)/Public/Images/e4b5efdfjw1egp3v69eufj20dw0jrgnv.jpg
INFO: [ app_init ] --START--
INFO: Run Behavior\BuildLiteBehavior [ RunTime:0.000000s ]
INFO: [ app_init ] --END-- [ RunTime:0.000000s ]
ERR: 无法加载模块:Xiangmu(3)

[ 2016-10-31T01:04:14+08:00 ] 127.0.0.1 /Xiangmu(3)/Public/Images/e4b5efdfjw1egp3v69eufj20dw0jrgnv.jpg
INFO: [ app_init ] --START--
INFO: Run Behavior\BuildLiteBehavior [ RunTime:0.000000s ]
INFO: [ app_init ] --END-- [ RunTime:0.000000s ]
ERR: 无法加载模块:Xiangmu(3)

[ 2016-10-31T01:04:14+08:00 ] 127.0.0.1 /__Public__/Images/e4b5efdfjw1egp3v69eufj20dw0jrgnv.jpg
INFO: [ app_init ] --START--
INFO: Run Behavior\BuildLiteBehavior [ RunTime:0.000000s ]
INFO: [ app_init ] --END-- [ RunTime:0.000000s ]
ERR: 无法加载模块:__Public__

[ 2016-10-31T01:04:14+08:00 ] 127.0.0.1 /3945.jpg
INFO: [ app_init ] --START--
INFO: Run Behavior\BuildLiteBehavior [ RunTime:0.000000s ]
INFO: [ app_init ] --END-- [ RunTime:0.001000s ]
ERR: 无法加载模块:3945

[ 2016-10-31T01:04:14+08:00 ] 127.0.0.1 /__Public__/Images/e4b5efdfjw1egp3v69eufj20dw0jrgnv.jpg
INFO: [ app_init ] --START--
INFO: Run Behavior\BuildLiteBehavior [ RunTime:0.000000s ]
INFO: [ app_init ] --END-- [ RunTime:0.001000s ]
ERR: 无法加载模块:__Public__

[ 2016-10-31T01:04:14+08:00 ] 127.0.0.1 /3945.jpg
INFO: [ app_init ] --START--
INFO: Run Behavior\BuildLiteBehavior [ RunTime:0.000000s ]
INFO: [ app_init ] --END-- [ RunTime:0.001000s ]
ERR: 无法加载模块:3945

[ 2016-10-31T01:04:14+08:00 ] 127.0.0.1 /Xiangmu(3)/Public/Images/e4b5efdfjw1egp3v69eufj20dw0jrgnv.jpg
INFO: [ app_init ] --START--
INFO: Run Behavior\BuildLiteBehavior [ RunTime:0.000000s ]
INFO: [ app_init ] --END-- [ RunTime:0.000000s ]
ERR: 无法加载模块:Xiangmu(3)

[ 2016-10-31T01:04:14+08:00 ] 127.0.0.1 /__Public__/Images/e4b5efdfjw1egp3v69eufj20dw0jrgnv.jpg
INFO: [ app_init ] --START--
INFO: Run Behavior\BuildLiteBehavior [ RunTime:0.000000s ]
INFO: [ app_init ] --END-- [ RunTime:0.000000s ]
ERR: 无法加载模块:__Public__

[ 2016-10-31T01:04:14+08:00 ] 127.0.0.1 /Xiangmu(3)/Public/Images/e4b5efdfjw1egp3v69eufj20dw0jrgnv.jpg
INFO: [ app_init ] --START--
INFO: Run Behavior\BuildLiteBehavior [ RunTime:0.000000s ]
INFO: [ app_init ] --END-- [ RunTime:0.000000s ]
ERR: 无法加载模块:Xiangmu(3)

[ 2016-10-31T01:04:14+08:00 ] 127.0.0.1 /3945.jpg
INFO: [ app_init ] --START--
INFO: Run Behavior\BuildLiteBehavior [ RunTime:0.000000s ]
INFO: [ app_init ] --END-- [ RunTime:0.001000s ]
ERR: 无法加载模块:3945

[ 2016-10-31T01:04:48+08:00 ] 127.0.0.1 /3945.jpg
INFO: [ app_init ] --START--
INFO: Run Behavior\BuildLiteBehavior [ RunTime:0.000000s ]
INFO: [ app_init ] --END-- [ RunTime:0.000000s ]
ERR: 无法加载模块:3945

[ 2016-10-31T01:04:48+08:00 ] 127.0.0.1 /Public/Images/e4b5efdfjw1egp3v69eufj20dw0jrgnv.jpg
INFO: [ app_init ] --START--
INFO: Run Behavior\BuildLiteBehavior [ RunTime:0.000000s ]
INFO: [ app_init ] --END-- [ RunTime:0.001000s ]
ERR: 无法加载模块:Public

[ 2016-10-31T01:04:48+08:00 ] 127.0.0.1 /Xiangmu(3)/Public/Images/e4b5efdfjw1egp3v69eufj20dw0jrgnv.jpg
INFO: [ app_init ] --START--
INFO: Run Behavior\BuildLiteBehavior [ RunTime:0.000000s ]
INFO: [ app_init ] --END-- [ RunTime:0.000000s ]
ERR: 无法加载模块:Xiangmu(3)

[ 2016-10-31T01:04:48+08:00 ] 127.0.0.1 /3945.jpg
INFO: [ app_init ] --START--
INFO: Run Behavior\BuildLiteBehavior [ RunTime:0.000000s ]
INFO: [ app_init ] --END-- [ RunTime:0.000000s ]
ERR: 无法加载模块:3945

[ 2016-10-31T01:04:48+08:00 ] 127.0.0.1 /Public/Images/e4b5efdfjw1egp3v69eufj20dw0jrgnv.jpg
INFO: [ app_init ] --START--
INFO: Run Behavior\BuildLiteBehavior [ RunTime:0.000000s ]
INFO: [ app_init ] --END-- [ RunTime:0.000000s ]
ERR: 无法加载模块:Public

[ 2016-10-31T01:04:48+08:00 ] 127.0.0.1 /Xiangmu(3)/Public/Images/e4b5efdfjw1egp3v69eufj20dw0jrgnv.jpg
INFO: [ app_init ] --START--
INFO: Run Behavior\BuildLiteBehavior [ RunTime:0.000000s ]
INFO: [ app_init ] --END-- [ RunTime:0.001000s ]
ERR: 无法加载模块:Xiangmu(3)

[ 2016-10-31T01:04:48+08:00 ] 127.0.0.1 /Public/Images/e4b5efdfjw1egp3v69eufj20dw0jrgnv.jpg
INFO: [ app_init ] --START--
INFO: Run Behavior\BuildLiteBehavior [ RunTime:0.000000s ]
INFO: [ app_init ] --END-- [ RunTime:0.000000s ]
ERR: 无法加载模块:Public

[ 2016-10-31T01:04:48+08:00 ] 127.0.0.1 /3945.jpg
INFO: [ app_init ] --START--
INFO: Run Behavior\BuildLiteBehavior [ RunTime:0.000000s ]
INFO: [ app_init ] --END-- [ RunTime:0.000000s ]
ERR: 无法加载模块:3945

[ 2016-10-31T01:04:48+08:00 ] 127.0.0.1 /Xiangmu(3)/Public/Images/e4b5efdfjw1egp3v69eufj20dw0jrgnv.jpg
INFO: [ app_init ] --START--
INFO: Run Behavior\BuildLiteBehavior [ RunTime:0.000000s ]
INFO: [ app_init ] --END-- [ RunTime:0.000000s ]
ERR: 无法加载模块:Xiangmu(3)

[ 2016-10-31T01:04:48+08:00 ] 127.0.0.1 /3945.jpg
INFO: [ app_init ] --START--
INFO: Run Behavior\BuildLiteBehavior [ RunTime:0.000000s ]
INFO: [ app_init ] --END-- [ RunTime:0.000000s ]
ERR: 无法加载模块:3945

[ 2016-10-31T01:04:48+08:00 ] 127.0.0.1 /Xiangmu(3)/Public/Images/e4b5efdfjw1egp3v69eufj20dw0jrgnv.jpg
INFO: [ app_init ] --START--
INFO: Run Behavior\BuildLiteBehavior [ RunTime:0.000000s ]
INFO: [ app_init ] --END-- [ RunTime:0.000000s ]
ERR: 无法加载模块:Xiangmu(3)

[ 2016-10-31T01:04:48+08:00 ] 127.0.0.1 /Public/Images/e4b5efdfjw1egp3v69eufj20dw0jrgnv.jpg
INFO: [ app_init ] --START--
INFO: Run Behavior\BuildLiteBehavior [ RunTime:0.000000s ]
INFO: [ app_init ] --END-- [ RunTime:0.000000s ]
ERR: 无法加载模块:Public

[ 2016-10-31T01:09:07+08:00 ] 127.0.0.1 /Public/Images/logo.jpg
INFO: [ app_init ] --START--
INFO: Run Behavior\BuildLiteBehavior [ RunTime:0.000000s ]
INFO: [ app_init ] --END-- [ RunTime:0.000000s ]
ERR: 无法加载模块:Public

[ 2016-10-31T01:09:07+08:00 ] 127.0.0.1 /3945.jpg
INFO: [ app_init ] --START--
INFO: Run Behavior\BuildLiteBehavior [ RunTime:0.000000s ]
INFO: [ app_init ] --END-- [ RunTime:0.001000s ]
ERR: 无法加载模块:3945

[ 2016-10-31T01:09:13+08:00 ] 127.0.0.1 /Public/Images/logo.jpg
INFO: [ app_init ] --START--
INFO: Run Behavior\BuildLiteBehavior [ RunTime:0.000000s ]
INFO: [ app_init ] --END-- [ RunTime:0.000000s ]
ERR: 无法加载模块:Public

[ 2016-10-31T01:10:55+08:00 ] 127.0.0.1 /Public/images/logo.jpg
INFO: [ app_init ] --START--
INFO: Run Behavior\BuildLiteBehavior [ RunTime:0.000000s ]
INFO: [ app_init ] --END-- [ RunTime:0.000000s ]
ERR: 无法加载模块:Public

[ 2016-10-31T01:10:56+08:00 ] 127.0.0.1 /Public/images/logo.jpg
INFO: [ app_init ] --START--
INFO: Run Behavior\BuildLiteBehavior [ RunTime:0.000000s ]
INFO: [ app_init ] --END-- [ RunTime:0.000000s ]
ERR: 无法加载模块:Public

[ 2016-10-31T01:10:56+08:00 ] 127.0.0.1 /Public/images/logo.jpg
INFO: [ app_init ] --START--
INFO: Run Behavior\BuildLiteBehavior [ RunTime:0.000000s ]
INFO: [ app_init ] --END-- [ RunTime:0.001000s ]
ERR: 无法加载模块:Public

[ 2016-10-31T01:11:22+08:00 ] 127.0.0.1 /Public/images/logo.jpg
INFO: [ app_init ] --START--
INFO: Run Behavior\BuildLiteBehavior [ RunTime:0.000000s ]
INFO: [ app_init ] --END-- [ RunTime:0.001000s ]
ERR: 无法加载模块:Public

[ 2016-10-31T01:11:22+08:00 ] 127.0.0.1 /favicon.ico
INFO: [ app_init ] --START--
INFO: Run Behavior\BuildLiteBehavior [ RunTime:0.000000s ]
INFO: [ app_init ] --END-- [ RunTime:0.000000s ]
ERR: 无法加载模块:Favicon

[ 2016-10-31T01:11:22+08:00 ] 127.0.0.1 /favicon.ico
INFO: [ app_init ] --START--
INFO: Run Behavior\BuildLiteBehavior [ RunTime:0.000000s ]
INFO: [ app_init ] --END-- [ RunTime:0.001000s ]
ERR: 无法加载模块:Favicon

[ 2016-10-31T01:11:26+08:00 ] 127.0.0.1 /Public/images/logo.jpg
INFO: [ app_init ] --START--
INFO: Run Behavior\BuildLiteBehavior [ RunTime:0.000000s ]
INFO: [ app_init ] --END-- [ RunTime:0.000000s ]
ERR: 无法加载模块:Public

[ 2016-10-31T01:11:37+08:00 ] 127.0.0.1 /Public/images/logo.jpg
INFO: [ app_init ] --START--
INFO: Run Behavior\BuildLiteBehavior [ RunTime:0.000000s ]
INFO: [ app_init ] --END-- [ RunTime:0.001000s ]
ERR: 无法加载模块:Public

[ 2016-10-31T01:11:53+08:00 ] 127.0.0.1 /Public/images/logo.jpg
INFO: [ app_init ] --START--
INFO: Run Behavior\BuildLiteBehavior [ RunTime:0.000000s ]
INFO: [ app_init ] --END-- [ RunTime:0.001000s ]
ERR: 无法加载模块:Public

[ 2016-10-31T01:12:19+08:00 ] 127.0.0.1 //Public/images/logo.jpg
INFO: [ app_init ] --START--
INFO: Run Behavior\BuildLiteBehavior [ RunTime:0.000000s ]
INFO: [ app_init ] --END-- [ RunTime:0.000000s ]
ERR: 无法加载模块:Public

[ 2016-10-31T01:12:32+08:00 ] 127.0.0.1 /Public/images/logo.jpg
INFO: [ app_init ] --START--
INFO: Run Behavior\BuildLiteBehavior [ RunTime:0.000000s ]
INFO: [ app_init ] --END-- [ RunTime:0.000000s ]
ERR: 无法加载模块:Public

[ 2016-10-31T01:12:32+08:00 ] 127.0.0.1 /Public/images/logo.jpg
INFO: [ app_init ] --START--
INFO: Run Behavior\BuildLiteBehavior [ RunTime:0.000000s ]
INFO: [ app_init ] --END-- [ RunTime:0.001000s ]
ERR: 无法加载模块:Public

[ 2016-10-31T01:18:35+08:00 ] 127.0.0.1 /Public/images/logo.jpg
INFO: [ app_init ] --START--
INFO: Run Behavior\BuildLiteBehavior [ RunTime:0.000000s ]
INFO: [ app_init ] --END-- [ RunTime:0.001000s ]
ERR: 无法加载模块:Public

[ 2016-10-31T01:18:48+08:00 ] 127.0.0.1 /Public/images/logo.jpg
INFO: [ app_init ] --START--
INFO: Run Behavior\BuildLiteBehavior [ RunTime:0.000000s ]
INFO: [ app_init ] --END-- [ RunTime:0.000000s ]
ERR: 无法加载模块:Public

[ 2016-10-31T01:18:48+08:00 ] 127.0.0.1 /Public/images/logo.jpg
INFO: [ app_init ] --START--
INFO: Run Behavior\BuildLiteBehavior [ RunTime:0.000000s ]
INFO: [ app_init ] --END-- [ RunTime:0.000000s ]
ERR: 无法加载模块:Public

[ 2016-10-31T01:25:25+08:00 ] 127.0.0.1 /js/move-top.js
INFO: [ app_init ] --START--
INFO: Run Behavior\BuildLiteBehavior [ RunTime:0.000000s ]
INFO: [ app_init ] --END-- [ RunTime:0.000000s ]
ERR: 无法加载模块:Js

[ 2016-10-31T01:25:25+08:00 ] 127.0.0.1 /js/easing.js
INFO: [ app_init ] --START--
INFO: Run Behavior\BuildLiteBehavior [ RunTime:0.000000s ]
INFO: [ app_init ] --END-- [ RunTime:0.000000s ]
ERR: 无法加载模块:Js

[ 2016-10-31T01:25:25+08:00 ] 127.0.0.1 /js/nivo-lightbox.min.js
INFO: [ app_init ] --START--
INFO: Run Behavior\BuildLiteBehavior [ RunTime:0.000000s ]
INFO: [ app_init ] --END-- [ RunTime:0.003000s ]
ERR: 无法加载模块:Js

[ 2016-10-31T01:25:25+08:00 ] 127.0.0.1 /images/ser1.jpg
INFO: [ app_init ] --START--
INFO: Run Behavior\BuildLiteBehavior [ RunTime:0.000000s ]
INFO: [ app_init ] --END-- [ RunTime:0.001000s ]
ERR: 无法加载模块:Images

[ 2016-10-31T01:25:25+08:00 ] 127.0.0.1 /images/icon.png
INFO: [ app_init ] --START--
INFO: Run Behavior\BuildLiteBehavior [ RunTime:0.000000s ]
INFO: [ app_init ] --END-- [ RunTime:0.001000s ]
ERR: 无法加载模块:Images

[ 2016-10-31T01:25:25+08:00 ] 127.0.0.1 /js/move-top.js
INFO: [ app_init ] --START--
INFO: Run Behavior\BuildLiteBehavior [ RunTime:0.000000s ]
INFO: [ app_init ] --END-- [ RunTime:0.000000s ]
ERR: 无法加载模块:Js

[ 2016-10-31T01:25:25+08:00 ] 127.0.0.1 /js/easing.js
INFO: [ app_init ] --START--
INFO: Run Behavior\BuildLiteBehavior [ RunTime:0.000000s ]
INFO: [ app_init ] --END-- [ RunTime:0.001000s ]
ERR: 无法加载模块:Js

[ 2016-10-31T01:25:25+08:00 ] 127.0.0.1 /images/icon.png
INFO: [ app_init ] --START--
INFO: Run Behavior\BuildLiteBehavior [ RunTime:0.000000s ]
INFO: [ app_init ] --END-- [ RunTime:0.000000s ]
ERR: 无法加载模块:Images

[ 2016-10-31T01:25:25+08:00 ] 127.0.0.1 /js/nivo-lightbox.min.js
INFO: [ app_init ] --START--
INFO: Run Behavior\BuildLiteBehavior [ RunTime:0.000000s ]
INFO: [ app_init ] --END-- [ RunTime:0.000000s ]
ERR: 无法加载模块:Js

[ 2016-10-31T01:25:25+08:00 ] 127.0.0.1 /images/ser1.jpg
INFO: [ app_init ] --START--
INFO: Run Behavior\BuildLiteBehavior [ RunTime:0.000000s ]
INFO: [ app_init ] --END-- [ RunTime:0.000000s ]
ERR: 无法加载模块:Images

[ 2016-10-31T01:25:38+08:00 ] 127.0.0.1 /js/nivo-lightbox.min.js
INFO: [ app_init ] --START--
INFO: Run Behavior\BuildLiteBehavior [ RunTime:0.000000s ]
INFO: [ app_init ] --END-- [ RunTime:0.000000s ]
ERR: 无法加载模块:Js

[ 2016-10-31T01:25:38+08:00 ] 127.0.0.1 /js/move-top.js
INFO: [ app_init ] --START--
INFO: Run Behavior\BuildLiteBehavior [ RunTime:0.000000s ]
INFO: [ app_init ] --END-- [ RunTime:0.001000s ]
ERR: 无法加载模块:Js

[ 2016-10-31T01:25:38+08:00 ] 127.0.0.1 /js/easing.js
INFO: [ app_init ] --START--
INFO: Run Behavior\BuildLiteBehavior [ RunTime:0.000000s ]
INFO: [ app_init ] --END-- [ RunTime:0.000000s ]
ERR: 无法加载模块:Js

[ 2016-10-31T01:25:38+08:00 ] 127.0.0.1 /images/ser1.jpg
INFO: [ app_init ] --START--
INFO: Run Behavior\BuildLiteBehavior [ RunTime:0.000000s ]
INFO: [ app_init ] --END-- [ RunTime:0.001000s ]
ERR: 无法加载模块:Images

[ 2016-10-31T01:25:38+08:00 ] 127.0.0.1 /images/icon.png
INFO: [ app_init ] --START--
INFO: Run Behavior\BuildLiteBehavior [ RunTime:0.000000s ]
INFO: [ app_init ] --END-- [ RunTime:0.001000s ]
ERR: 无法加载模块:Images

[ 2016-10-31T01:25:38+08:00 ] 127.0.0.1 /js/move-top.js
INFO: [ app_init ] --START--
INFO: Run Behavior\BuildLiteBehavior [ RunTime:0.000000s ]
INFO: [ app_init ] --END-- [ RunTime:0.000000s ]
ERR: 无法加载模块:Js

[ 2016-10-31T01:25:38+08:00 ] 127.0.0.1 /js/easing.js
INFO: [ app_init ] --START--
INFO: Run Behavior\BuildLiteBehavior [ RunTime:0.000000s ]
INFO: [ app_init ] --END-- [ RunTime:0.000000s ]
ERR: 无法加载模块:Js

[ 2016-10-31T01:25:38+08:00 ] 127.0.0.1 /js/nivo-lightbox.min.js
INFO: [ app_init ] --START--
INFO: Run Behavior\BuildLiteBehavior [ RunTime:0.000000s ]
INFO: [ app_init ] --END-- [ RunTime:0.000000s ]
ERR: 无法加载模块:Js

[ 2016-10-31T01:25:38+08:00 ] 127.0.0.1 /images/icon.png
INFO: [ app_init ] --START--
INFO: Run Behavior\BuildLiteBehavior [ RunTime:0.000000s ]
INFO: [ app_init ] --END-- [ RunTime:0.001000s ]
ERR: 无法加载模块:Images

[ 2016-10-31T01:25:38+08:00 ] 127.0.0.1 /images/ser1.jpg
INFO: [ app_init ] --START--
INFO: Run Behavior\BuildLiteBehavior [ RunTime:0.000000s ]
INFO: [ app_init ] --END-- [ RunTime:0.000000s ]
ERR: 无法加载模块:Images

[ 2016-10-31T01:25:56+08:00 ] 127.0.0.1 /js/nivo-lightbox.min.js
INFO: [ app_init ] --START--
INFO: Run Behavior\BuildLiteBehavior [ RunTime:0.000000s ]
INFO: [ app_init ] --END-- [ RunTime:0.000000s ]
ERR: 无法加载模块:Js

[ 2016-10-31T01:25:56+08:00 ] 127.0.0.1 /images/ser1.jpg
INFO: [ app_init ] --START--
INFO: Run Behavior\BuildLiteBehavior [ RunTime:0.000000s ]
INFO: [ app_init ] --END-- [ RunTime:0.000000s ]
ERR: 无法加载模块:Images

[ 2016-10-31T01:25:56+08:00 ] 127.0.0.1 /images/icon.png
INFO: [ app_init ] --START--
INFO: Run Behavior\BuildLiteBehavior [ RunTime:0.000000s ]
INFO: [ app_init ] --END-- [ RunTime:0.001000s ]
ERR: 无法加载模块:Images

[ 2016-10-31T01:25:56+08:00 ] 127.0.0.1 /js/nivo-lightbox.min.js
INFO: [ app_init ] --START--
INFO: Run Behavior\BuildLiteBehavior [ RunTime:0.000000s ]
INFO: [ app_init ] --END-- [ RunTime:0.000000s ]
ERR: 无法加载模块:Js

[ 2016-10-31T01:25:56+08:00 ] 127.0.0.1 /images/ser1.jpg
INFO: [ app_init ] --START--
INFO: Run Behavior\BuildLiteBehavior [ RunTime:0.000000s ]
INFO: [ app_init ] --END-- [ RunTime:0.000000s ]
ERR: 无法加载模块:Images

[ 2016-10-31T01:26:15+08:00 ] 127.0.0.1 /images/icon.png
INFO: [ app_init ] --START--
INFO: Run Behavior\BuildLiteBehavior [ RunTime:0.000000s ]
INFO: [ app_init ] --END-- [ RunTime:0.000000s ]
ERR: 无法加载模块:Images

[ 2016-10-31T01:26:15+08:00 ] 127.0.0.1 /images/ser1.jpg
INFO: [ app_init ] --START--
INFO: Run Behavior\BuildLiteBehavior [ RunTime:0.000000s ]
INFO: [ app_init ] --END-- [ RunTime:0.000000s ]
ERR: 无法加载模块:Images

[ 2016-10-31T01:48:31+08:00 ] 127.0.0.1 /single.html
INFO: [ app_init ] --START--
INFO: Run Behavior\BuildLiteBehavior [ RunTime:0.000000s ]
INFO: [ app_init ] --END-- [ RunTime:0.001000s ]
ERR: 无法加载模块:Single

[ 2016-10-31T01:48:35+08:00 ] 127.0.0.1 /single.html
INFO: [ app_init ] --START--
INFO: Run Behavior\BuildLiteBehavior [ RunTime:0.000000s ]
INFO: [ app_init ] --END-- [ RunTime:0.000000s ]
ERR: 无法加载模块:Single

[ 2016-10-31T01:48:41+08:00 ] 127.0.0.1 /single.html
INFO: [ app_init ] --START--
INFO: Run Behavior\BuildLiteBehavior [ RunTime:0.000000s ]
INFO: [ app_init ] --END-- [ RunTime:0.001000s ]
ERR: 无法加载模块:Single

[ 2016-10-31T01:48:49+08:00 ] 127.0.0.1 /single.html
INFO: [ app_init ] --START--
INFO: Run Behavior\BuildLiteBehavior [ RunTime:0.000000s ]
INFO: [ app_init ] --END-- [ RunTime:0.000000s ]
ERR: 无法加载模块:Single

[ 2016-10-31T09:56:51+08:00 ] 127.0.0.1 /favicon.ico
INFO: [ app_init ] --START--
INFO: Run Behavior\BuildLiteBehavior [ RunTime:0.000000s ]
INFO: [ app_init ] --END-- [ RunTime:0.000000s ]
ERR: 无法加载模块:Favicon

[ 2016-10-31T11:10:54+08:00 ] 127.0.0.1 /favicon.ico
INFO: [ app_init ] --START--
INFO: Run Behavior\BuildLiteBehavior [ RunTime:0.000000s ]
INFO: [ app_init ] --END-- [ RunTime:0.062400s ]
ERR: 无法加载模块:Favicon

[ 2016-10-31T13:27:29+08:00 ] 127.0.0.1 /favicon.ico
INFO: [ app_init ] --START--
INFO: Run Behavior\BuildLiteBehavior [ RunTime:0.000000s ]
INFO: [ app_init ] --END-- [ RunTime:0.001000s ]
ERR: 无法加载模块:Favicon

